<?xml version="1.0" encoding="UTF-8"?>
<!-- Generated by org.testng.reporters.JUnitXMLReporter -->
<testsuite ignored="1" hostname="DESKTOP-1H5GCMD" failures="0" tests="1" name="Default test" time="12.917" errors="0" timestamp="2023-05-06T16:27:36 IST">
  <testcase classname="Page_Object_model_TestCase.Loginpage_Testcase" name="varify_login_SubTabname" time="0.734"/>
  <testcase classname="Page_Object_model_TestCase.Loginpage_Testcase" name="varify_login_page" time="0.0">
    <ignored/>
  </testcase> <!-- varify_login_page -->
</testsuite> <!-- Default test -->
