<?xml version="1.0" encoding="UTF-8"?>
<testng-results ignored="0" total="1" passed="1" failed="0" skipped="0">
  <reporter-output>
  </reporter-output>
  <suite started-at="2023-05-01T11:45:28 IST" name="Suite" finished-at="2023-05-01T11:45:48 IST" duration-ms="19551">
    <groups>
    </groups>
    <test started-at="2023-05-01T11:45:28 IST" name="Test" finished-at="2023-05-01T11:45:48 IST" duration-ms="19551">
      <class name="TestNGExamples.TestCase4">
        <test-method signature="Login()[pri:1, instance:TestNGExamples.TestCase4@29215f06]" started-at="2023-05-01T11:45:28 IST" name="Login" finished-at="2023-05-01T11:45:48 IST" duration-ms="19437" status="PASS">
          <reporter-output>
          </reporter-output>
        </test-method> <!-- Login -->
      </class> <!-- TestNGExamples.TestCase4 -->
    </test> <!-- Test -->
  </suite> <!-- Suite -->
</testng-results>
