<?xml version="1.0" encoding="UTF-8"?>
<testng-results ignored="0" total="1" passed="1" failed="0" skipped="0">
  <reporter-output>
  </reporter-output>
  <suite started-at="2023-04-27T23:42:53 IST" name="Suite" finished-at="2023-04-27T23:43:03 IST" duration-ms="10085">
    <groups>
    </groups>
    <test started-at="2023-04-27T23:42:53 IST" name="Test" finished-at="2023-04-27T23:43:03 IST" duration-ms="10085">
      <class name="TestNGExamples.TestCase4">
        <test-method signature="Login()[pri:1, instance:TestNGExamples.TestCase4@51c668e3]" started-at="2023-04-27T23:42:53 IST" name="Login" finished-at="2023-04-27T23:43:03 IST" duration-ms="9922" status="PASS">
          <reporter-output>
          </reporter-output>
        </test-method> <!-- Login -->
      </class> <!-- TestNGExamples.TestCase4 -->
    </test> <!-- Test -->
  </suite> <!-- Suite -->
</testng-results>
