<?xml version="1.0" encoding="UTF-8"?>
<testng-results ignored="1" total="2" passed="1" failed="0" skipped="0">
  <reporter-output>
  </reporter-output>
  <suite started-at="2023-05-06T16:27:23 IST" name="Default suite" finished-at="2023-05-06T16:27:36 IST" duration-ms="12917">
    <groups>
    </groups>
    <test started-at="2023-05-06T16:27:23 IST" name="Default test" finished-at="2023-05-06T16:27:36 IST" duration-ms="12917">
      <class name="Page_Object_model_TestCase.Loginpage_Testcase">
        <test-method is-config="true" signature="BrowserInit()[pri:0, instance:Page_Object_model_TestCase.Loginpage_Testcase@38cee291]" started-at="2023-05-06T16:27:23 IST" name="BrowserInit" finished-at="2023-05-06T16:27:35 IST" duration-ms="11647" status="PASS">
          <reporter-output>
          </reporter-output>
        </test-method> <!-- BrowserInit -->
        <test-method signature="varify_login_SubTabname()[pri:0, instance:Page_Object_model_TestCase.Loginpage_Testcase@38cee291]" started-at="2023-05-06T16:27:35 IST" name="varify_login_SubTabname" finished-at="2023-05-06T16:27:35 IST" duration-ms="734" status="PASS">
          <reporter-output>
          </reporter-output>
        </test-method> <!-- varify_login_SubTabname -->
        <test-method is-config="true" signature="BrowserClose()[pri:0, instance:Page_Object_model_TestCase.Loginpage_Testcase@38cee291]" started-at="2023-05-06T16:27:35 IST" name="BrowserClose" finished-at="2023-05-06T16:27:36 IST" duration-ms="423" status="PASS">
          <reporter-output>
          </reporter-output>
        </test-method> <!-- BrowserClose -->
      </class> <!-- Page_Object_model_TestCase.Loginpage_Testcase -->
    </test> <!-- Default test -->
  </suite> <!-- Default suite -->
</testng-results>
